  adding: assignment_zip.log (stored 0%)
  adding: svm.ipynb (deflated 73%)
  adding: features.ipynb (deflated 71%)
  adding: two_layer_net.ipynb (deflated 71%)
  adding: start_ipython_osx.sh (deflated 24%)
  adding: cs231n/ (stored 0%)
  adding: cs231n/vis_utils.py (deflated 64%)
  adding: cs231n/gradient_check.py (deflated 68%)
  adding: cs231n/classifiers/ (stored 0%)
  adding: cs231n/classifiers/k_nearest_neighbor.py (deflated 80%)
  adding: cs231n/classifiers/linear_classifier.py (deflated 72%)
  adding: cs231n/classifiers/softmax.py (deflated 71%)
  adding: cs231n/classifiers/neural_net.py (deflated 73%)
  adding: cs231n/classifiers/__init__.py (deflated 38%)
  adding: cs231n/classifiers/linear_svm.py (deflated 72%)
  adding: cs231n/data_utils.py (deflated 69%)
  adding: cs231n/features.py (deflated 62%)
  adding: cs231n/__init__.py (stored 0%)
  adding: gcloud/ (stored 0%)
  adding: gcloud/jupyter_notebook_config.py (deflated 68%)
  adding: gcloud/test_tf.py (deflated 49%)
  adding: gcloud/.img/ (stored 0%)
  adding: gcloud/.img/networking-external-ip.png (deflated 27%)
  adding: gcloud/.img/register-info.png (deflated 21%)
  adding: gcloud/.img/connect-to-vm.png (deflated 15%)
  adding: gcloud/.img/dashboard-screen.png (deflated 16%)
  adding: gcloud/.img/launching-screen.png (deflated 14%)
  adding: gcloud/.img/welcome-screen.png (deflated 6%)
  adding: gcloud/.img/network.png (deflated 9%)
  adding: gcloud/.img/networking-external-ip-address.png (deflated 35%)
  adding: gcloud/.img/machine-typ.png (deflated 9%)
  adding: gcloud/.img/external-ip.png (deflated 22%)
  adding: gcloud/.img/firewall.png (deflated 14%)
  adding: gcloud/.img/networking-external-ip-naming.png (deflated 30%)
  adding: gcloud/.img/vm-config.png (deflated 7%)
  adding: gcloud/verify_gpu.py (deflated 40%)
  adding: gcloud/setup.sh (deflated 35%)
  adding: frameworkpython (deflated 36%)
  adding: knn.ipynb (deflated 28%)
  adding: softmax.ipynb (deflated 71%)
